SF:lib/app/shared/utilities/env_config.dart
DA:2,2
DA:4,2
DA:5,2
LF:3
LH:3
end_of_record
SF:lib/app/modules/current_location/data/datasources/local_datasource.dart
DA:16,3
DA:18,1
DA:20,2
DA:28,1
DA:30,2
LF:5
LH:5
end_of_record
SF:lib/app/modules/current_location/domain/location_entity.dart
DA:6,4
DA:11,3
DA:12,9
LF:3
LH:3
end_of_record
SF:lib/app/shared/services/cache_service.dart
DA:16,3
DA:18,1
DA:20,2
DA:23,1
DA:24,2
DA:25,1
DA:26,3
DA:27,3
DA:28,1
DA:29,3
DA:31,1
DA:32,3
DA:33,3
DA:36,1
DA:38,0
DA:43,1
DA:45,2
DA:48,1
DA:50,1
DA:51,3
DA:52,3
DA:53,1
DA:54,3
DA:56,1
DA:57,3
DA:58,3
DA:61,1
DA:63,0
LF:28
LH:26
end_of_record
SF:lib/app/shared/utilities/constants.dart
DA:17,3
DA:22,6
LF:2
LH:2
end_of_record
SF:lib/app/modules/current_location/data/datasources/remote_datasource.dart
DA:14,3
DA:16,1
DA:18,2
DA:19,1
DA:20,1
DA:24,1
LF:6
LH:6
end_of_record
SF:lib/app/shared/services/http_service.dart
DA:22,3
DA:24,1
DA:31,2
DA:32,1
DA:36,2
DA:37,2
DA:39,0
DA:41,0
DA:43,0
DA:45,0
DA:46,0
DA:47,0
DA:50,0
LF:13
LH:6
end_of_record
SF:lib/app/modules/current_location/data/location_model.dart
DA:8,2
DA:13,2
DA:14,2
DA:15,2
DA:16,2
DA:20,1
DA:21,1
DA:22,1
DA:23,1
DA:27,0
DA:28,0
LF:11
LH:9
end_of_record
SF:lib/app/shared/errors/failure.dart
DA:5,45
DA:6,3
DA:7,6
LF:3
LH:3
end_of_record
SF:lib/app/modules/current_location/domain/location_usecase.dart
DA:13,3
DA:15,2
DA:17,4
LF:3
LH:3
end_of_record
SF:lib/app/modules/current_location/presentation/cubits/cubit.dart
DA:12,9
DA:14,2
DA:15,4
DA:18,4
DA:19,1
DA:21,0
DA:25,1
DA:26,1
DA:27,1
DA:28,3
DA:29,2
LF:11
LH:10
end_of_record
SF:lib/app/modules/current_location/presentation/cubits/state.dart
DA:6,6
DA:7,1
DA:8,1
DA:17,3
DA:19,1
DA:20,2
DA:25,3
DA:27,1
DA:28,2
LF:9
LH:9
end_of_record
SF:lib/app/shared/errors/exceptions.dart
DA:10,2
DA:11,1
DA:12,2
DA:17,21
DA:18,1
DA:19,2
DA:24,1
DA:25,1
DA:26,2
DA:31,1
DA:32,1
DA:33,2
DA:39,4
DA:40,3
DA:41,6
DA:47,20
DA:48,1
DA:49,2
LF:18
LH:18
end_of_record
SF:lib/app/shared/services/hive_service.dart
DA:13,1
DA:15,2
DA:18,1
DA:20,1
DA:21,1
DA:24,1
DA:26,1
DA:27,1
DA:30,1
DA:32,1
DA:33,1
DA:36,1
DA:38,1
DA:39,1
DA:42,1
DA:44,2
LF:16
LH:16
end_of_record
SF:lib/app/shared/services/connectivity_service.dart
DA:9,3
DA:11,2
DA:13,4
DA:14,1
LF:4
LH:4
end_of_record
SF:lib/app/shared/services/location_service.dart
DA:19,2
DA:21,0
DA:25,0
DA:27,0
DA:29,0
DA:31,0
DA:40,0
DA:42,0
DA:46,0
DA:49,0
DA:51,0
LF:11
LH:1
end_of_record
SF:lib/app/shared/services/permissions_service.dart
DA:9,0
DA:11,0
DA:14,0
DA:16,0
LF:4
LH:0
end_of_record
SF:lib/app/shared/utilities/responsive.dart
DA:4,10
DA:6,8
DA:7,4
LF:3
LH:3
end_of_record
SF:lib/app/app.dart
DA:10,2
DA:12,2
DA:14,2
DA:15,2
DA:16,5
DA:18,2
DA:22,1
DA:23,1
DA:24,1
DA:27,1
LF:10
LH:10
end_of_record
SF:lib/app/modules/current_location/presentation/screens/current_location_screen.dart
DA:13,7
DA:17,2
DA:18,2
DA:28,2
DA:30,2
DA:31,2
DA:34,2
DA:35,6
DA:38,2
DA:40,2
DA:42,2
DA:43,2
DA:44,2
DA:45,2
DA:46,2
DA:47,2
DA:48,2
DA:51,2
DA:52,2
DA:56,2
DA:57,2
DA:58,2
DA:59,1
DA:60,1
DA:61,1
DA:62,2
DA:63,1
DA:64,1
DA:66,1
DA:68,1
DA:69,1
DA:70,2
DA:74,2
DA:77,2
DA:78,2
DA:81,1
DA:82,1
DA:83,1
DA:84,1
DA:85,1
DA:88,1
DA:89,0
DA:90,0
DA:92,1
DA:93,1
DA:94,1
DA:100,1
DA:110,2
DA:111,2
DA:112,2
DA:113,2
DA:114,0
DA:115,0
DA:116,0
DA:119,2
DA:120,2
DA:121,2
DA:123,2
DA:124,2
DA:128,2
DA:133,2
DA:137,1
DA:139,1
DA:140,1
DA:155,1
DA:156,1
DA:157,0
DA:158,0
DA:159,0
DA:160,0
DA:161,0
DA:162,0
DA:171,1
DA:172,5
DA:174,1
DA:175,1
DA:176,1
LF:77
LH:66
end_of_record
SF:lib/app/shared/services/di_service.dart
DA:19,9
DA:21,3
DA:22,6
DA:25,3
DA:27,11
DA:30,11
DA:33,3
DA:34,20
DA:38,11
DA:39,11
DA:42,11
DA:43,11
DA:44,7
DA:45,11
DA:46,7
DA:47,3
DA:48,6
DA:52,7
LF:18
LH:18
end_of_record
SF:lib/app/modules/current_location/data/location_repository_impl.dart
DA:18,3
DA:25,1
DA:27,2
DA:28,1
DA:29,2
DA:30,1
DA:31,1
DA:32,2
DA:33,1
DA:34,2
DA:38,1
DA:40,2
DA:41,1
DA:42,1
DA:43,1
DA:45,1
DA:46,1
DA:47,0
DA:51,0
DA:53,0
DA:54,0
DA:55,0
DA:56,0
DA:58,0
DA:59,0
DA:60,0
DA:61,0
DA:62,0
DA:63,0
DA:67,2
DA:70,4
DA:71,2
DA:75,1
DA:78,1
DA:81,0
DA:84,3
LF:36
LH:23
end_of_record
SF:lib/app/modules/current_location/presentation/widgets/map_loader.dart
DA:6,7
DA:8,3
DA:10,3
DA:11,3
DA:12,3
DA:13,3
DA:15,3
DA:17,3
LF:8
LH:8
end_of_record
