SF:lib/app/shared/errors/exceptions.dart
DA:10,1
DA:11,1
DA:12,2
DA:17,3
DA:18,1
DA:19,2
DA:24,1
DA:25,1
DA:26,2
DA:31,1
DA:32,1
DA:33,2
DA:39,1
DA:40,1
DA:41,2
DA:47,3
DA:48,1
DA:49,2
LF:18
LH:18
end_of_record
SF:lib/app/shared/errors/failure.dart
DA:5,6
DA:6,1
DA:7,2
LF:3
LH:3
end_of_record
SF:lib/app/modules/current_location/data/datasources/local_datasource.dart
DA:16,0
DA:18,0
DA:20,0
DA:28,0
DA:30,0
LF:5
LH:0
end_of_record
SF:lib/app/modules/current_location/domain/location_entity.dart
DA:6,0
DA:11,0
DA:12,0
LF:3
LH:0
end_of_record
SF:lib/app/shared/services/cache_service.dart
DA:16,0
DA:18,0
DA:23,0
DA:26,0
DA:27,0
DA:28,0
DA:29,0
DA:30,0
DA:31,0
DA:32,0
DA:34,0
DA:35,0
DA:36,0
DA:39,0
DA:41,0
DA:46,0
DA:48,0
DA:51,0
DA:53,0
DA:54,0
DA:55,0
DA:56,0
DA:57,0
DA:59,0
DA:60,0
DA:61,0
DA:64,0
DA:66,0
LF:28
LH:0
end_of_record
SF:lib/app/shared/utilities/constants.dart
DA:17,0
DA:22,0
LF:2
LH:0
end_of_record
SF:lib/app/modules/current_location/data/datasources/remote_datasource.dart
DA:14,0
DA:16,0
DA:18,0
DA:19,0
DA:20,0
DA:24,0
LF:6
LH:0
end_of_record
SF:lib/app/shared/utilities/env_config.dart
DA:2,0
DA:4,0
DA:5,0
LF:3
LH:0
end_of_record
SF:lib/app/shared/services/http_service.dart
DA:22,0
DA:29,0
DA:30,0
DA:34,0
DA:35,0
DA:37,0
DA:39,0
DA:41,0
DA:43,0
DA:44,0
DA:45,0
DA:48,0
LF:12
LH:0
end_of_record
SF:lib/app/modules/current_location/data/location_model.dart
DA:8,0
DA:13,0
DA:14,0
DA:15,0
DA:16,0
DA:20,0
DA:21,0
DA:22,0
DA:23,0
DA:27,0
DA:28,0
LF:11
LH:0
end_of_record
SF:lib/app/modules/current_location/data/location_repository_impl.dart
DA:18,0
DA:25,0
DA:27,0
DA:28,0
DA:29,0
DA:30,0
DA:31,0
DA:32,0
DA:33,0
DA:34,0
DA:38,0
DA:40,0
DA:41,0
DA:42,0
DA:43,0
DA:45,0
DA:46,0
DA:47,0
DA:51,0
DA:53,0
DA:54,0
DA:55,0
DA:56,0
DA:58,0
DA:59,0
DA:60,0
DA:61,0
DA:62,0
DA:63,0
DA:67,0
DA:70,0
DA:71,0
DA:75,0
DA:78,0
DA:81,0
DA:84,0
LF:36
LH:0
end_of_record
SF:lib/app/shared/services/connectivity_service.dart
DA:9,0
DA:11,0
DA:13,0
DA:14,0
LF:4
LH:0
end_of_record
SF:lib/app/shared/services/location_service.dart
DA:19,0
DA:21,0
DA:25,0
DA:27,0
DA:29,0
DA:31,0
DA:40,0
DA:42,0
DA:46,0
DA:49,0
DA:51,0
LF:11
LH:0
end_of_record
SF:lib/app/modules/current_location/domain/location_usecase.dart
DA:13,0
DA:15,0
DA:17,0
LF:3
LH:0
end_of_record
SF:lib/app/modules/current_location/presentation/cubits/cubit.dart
DA:12,0
DA:14,0
DA:15,0
DA:18,0
DA:19,0
DA:21,0
DA:25,0
DA:26,0
DA:27,0
DA:28,0
DA:29,0
LF:11
LH:0
end_of_record
SF:lib/app/modules/current_location/presentation/cubits/state.dart
DA:6,0
DA:7,0
DA:8,0
DA:17,0
DA:19,0
DA:20,0
DA:25,0
DA:27,0
DA:28,0
LF:9
LH:0
end_of_record
SF:lib/app/shared/services/hive_service.dart
DA:13,0
DA:15,0
DA:18,0
DA:20,0
DA:21,0
DA:24,0
DA:26,0
DA:27,0
DA:30,0
DA:32,0
DA:33,0
DA:36,0
DA:38,0
DA:39,0
DA:42,0
DA:44,0
LF:16
LH:0
end_of_record
SF:lib/app/shared/services/permissions_service.dart
DA:9,0
DA:11,0
DA:14,0
DA:16,0
LF:4
LH:0
end_of_record
SF:lib/app/shared/utilities/responsive.dart
DA:4,0
DA:6,0
DA:7,0
LF:3
LH:0
end_of_record
